2025-03-22 06:50:28,492 - kitespot_crawler - INFO - Starting crawl with 5 seed URLs
2025-03-22 06:50:28,535 - kitespot_crawler - WARNING - Request error for https://www.kiteboardingnomad.com/kitesurf-spots: [Errno -2] Name or service not known
2025-03-22 06:50:28,624 - httpx - INFO - HTTP Request: GET https://www.kitesurfingholidays.com/kitesurf-spots "HTTP/1.1 404 Not Found"
2025-03-22 06:50:28,625 - kitespot_crawler - WARNING - HTTP error for https://www.kitesurfingholidays.com/kitesurf-spots: Client error '404 Not Found' for url 'https://www.kitesurfingholidays.com/kitesurf-spots'
For more information check: https://developer.mozilla.org/en-US/docs/Web/HTTP/Status/404
2025-03-22 06:50:29,051 - httpx - INFO - HTTP Request: GET https://kitesurfculture.com/kitesurf-spots/ "HTTP/1.1 404 Not Found"
2025-03-22 06:50:29,054 - kitespot_crawler - WARNING - HTTP error for https://kitesurfculture.com/kitesurf-spots/: Client error '404 Not Found' for url 'https://kitesurfculture.com/kitesurf-spots/'
For more information check: https://developer.mozilla.org/en-US/docs/Web/HTTP/Status/404
2025-03-22 06:50:29,159 - httpx - INFO - HTTP Request: GET https://globalkitespots.com/global-kitesurf-spots-and-regions/ "HTTP/1.1 200 OK"
2025-03-22 06:50:29,277 - kitespot_crawler - ERROR - Error processing https://globalkitespots.com/global-kitesurf-spots-and-regions/: 
**********************************************************************
  Resource [93mpunkt_tab[0m not found.
  Please use the NLTK Downloader to obtain the resource:

  [31m>>> import nltk
  >>> nltk.download('punkt_tab')
  [0m
  For more information see: https://www.nltk.org/data.html

  Attempted to load [93mtokenizers/punkt_tab/english/[0m

  Searched in:
    - '/home/jochen/nltk_data'
    - '/home/jochen/kiteaways-frontend/venv/nltk_data'
    - '/home/jochen/kiteaways-frontend/venv/share/nltk_data'
    - '/home/jochen/kiteaways-frontend/venv/lib/nltk_data'
    - '/usr/share/nltk_data'
    - '/usr/local/share/nltk_data'
    - '/usr/lib/nltk_data'
    - '/usr/local/lib/nltk_data'
**********************************************************************

2025-03-22 06:50:30,712 - httpx - INFO - HTTP Request: GET https://www.thekitespot.com/ "HTTP/1.1 301 Moved Permanently"
2025-03-22 06:50:34,354 - httpx - INFO - HTTP Request: GET https://thekitespot.com/ "HTTP/1.1 200 OK"
2025-03-22 06:50:34,680 - kitespot_crawler - ERROR - Error processing https://www.thekitespot.com/: 
**********************************************************************
  Resource [93mpunkt_tab[0m not found.
  Please use the NLTK Downloader to obtain the resource:

  [31m>>> import nltk
  >>> nltk.download('punkt_tab')
  [0m
  For more information see: https://www.nltk.org/data.html

  Attempted to load [93mtokenizers/punkt_tab/english/[0m

  Searched in:
    - '/home/jochen/nltk_data'
    - '/home/jochen/kiteaways-frontend/venv/nltk_data'
    - '/home/jochen/kiteaways-frontend/venv/share/nltk_data'
    - '/home/jochen/kiteaways-frontend/venv/lib/nltk_data'
    - '/usr/share/nltk_data'
    - '/usr/local/share/nltk_data'
    - '/usr/lib/nltk_data'
    - '/usr/local/lib/nltk_data'
**********************************************************************

2025-03-22 06:50:34,680 - kitespot_crawler - INFO - Crawled 5 URLs, found 0 kite spots, 0 URLs in queue
2025-03-22 06:50:35,680 - kitespot_crawler - INFO - Crawl complete. Found 0 kitesurfing spots.
2025-03-22 06:50:35,681 - kitespot_crawler - INFO - Saved 0 kitespots to kitespots.json
2025-03-22 06:50:35,687 - kitespot_crawler - INFO - Saved 0 kitespots to kitespots.csv
2025-03-22 06:52:02,394 - kitespot_crawler - INFO - Starting crawl with 5 seed URLs
2025-03-22 06:52:02,421 - kitespot_crawler - WARNING - Request error for https://www.kiteboardingnomad.com/kitesurf-spots: [Errno -2] Name or service not known
2025-03-22 06:52:02,497 - httpx - INFO - HTTP Request: GET https://www.kitesurfingholidays.com/kitesurf-spots "HTTP/1.1 404 Not Found"
2025-03-22 06:52:02,498 - kitespot_crawler - WARNING - HTTP error for https://www.kitesurfingholidays.com/kitesurf-spots: Client error '404 Not Found' for url 'https://www.kitesurfingholidays.com/kitesurf-spots'
For more information check: https://developer.mozilla.org/en-US/docs/Web/HTTP/Status/404
2025-03-22 06:52:02,535 - httpx - INFO - HTTP Request: GET https://globalkitespots.com/global-kitesurf-spots-and-regions/ "HTTP/1.1 200 OK"
2025-03-22 06:52:02,626 - kitespot_crawler - ERROR - Error processing https://globalkitespots.com/global-kitesurf-spots-and-regions/: 
**********************************************************************
  Resource [93mpunkt_tab[0m not found.
  Please use the NLTK Downloader to obtain the resource:

  [31m>>> import nltk
  >>> nltk.download('punkt_tab')
  [0m
  For more information see: https://www.nltk.org/data.html

  Attempted to load [93mtokenizers/punkt_tab/english/[0m

  Searched in:
    - '/home/jochen/nltk_data'
    - '/home/jochen/kiteaways-frontend/venv/nltk_data'
    - '/home/jochen/kiteaways-frontend/venv/share/nltk_data'
    - '/home/jochen/kiteaways-frontend/venv/lib/nltk_data'
    - '/usr/share/nltk_data'
    - '/usr/local/share/nltk_data'
    - '/usr/lib/nltk_data'
    - '/usr/local/lib/nltk_data'
**********************************************************************

2025-03-22 06:52:02,917 - httpx - INFO - HTTP Request: GET https://kitesurfculture.com/kitesurf-spots/ "HTTP/1.1 404 Not Found"
2025-03-22 06:52:02,918 - kitespot_crawler - WARNING - HTTP error for https://kitesurfculture.com/kitesurf-spots/: Client error '404 Not Found' for url 'https://kitesurfculture.com/kitesurf-spots/'
For more information check: https://developer.mozilla.org/en-US/docs/Web/HTTP/Status/404
2025-03-22 06:52:04,781 - httpx - INFO - HTTP Request: GET https://www.thekitespot.com/ "HTTP/1.1 301 Moved Permanently"
2025-03-22 06:52:05,098 - httpx - INFO - HTTP Request: GET https://thekitespot.com/ "HTTP/1.1 200 OK"
2025-03-22 06:52:05,439 - kitespot_crawler - ERROR - Error processing https://www.thekitespot.com/: 
**********************************************************************
  Resource [93mpunkt_tab[0m not found.
  Please use the NLTK Downloader to obtain the resource:

  [31m>>> import nltk
  >>> nltk.download('punkt_tab')
  [0m
  For more information see: https://www.nltk.org/data.html

  Attempted to load [93mtokenizers/punkt_tab/english/[0m

  Searched in:
    - '/home/jochen/nltk_data'
    - '/home/jochen/kiteaways-frontend/venv/nltk_data'
    - '/home/jochen/kiteaways-frontend/venv/share/nltk_data'
    - '/home/jochen/kiteaways-frontend/venv/lib/nltk_data'
    - '/usr/share/nltk_data'
    - '/usr/local/share/nltk_data'
    - '/usr/lib/nltk_data'
    - '/usr/local/lib/nltk_data'
**********************************************************************

2025-03-22 06:52:05,440 - kitespot_crawler - INFO - Crawled 5 URLs, found 0 kite spots, 0 URLs in queue
2025-03-22 06:52:06,440 - kitespot_crawler - INFO - Crawl complete. Found 0 kitesurfing spots.
2025-03-22 06:52:06,441 - kitespot_crawler - INFO - Saved 0 kitespots to kitespots.json
2025-03-22 06:52:06,445 - kitespot_crawler - INFO - Saved 0 kitespots to kitespots.csv
2025-03-22 06:54:32,251 - kitespot_crawler - INFO - Starting crawl with 5 seed URLs
2025-03-22 06:54:32,282 - kitespot_crawler - WARNING - Request error for https://www.kiteboardingnomad.com/kitesurf-spots: [Errno -2] Name or service not known
2025-03-22 06:54:32,370 - httpx - INFO - HTTP Request: GET https://www.kitesurfingholidays.com/kitesurf-spots "HTTP/1.1 404 Not Found"
2025-03-22 06:54:32,371 - kitespot_crawler - WARNING - HTTP error for https://www.kitesurfingholidays.com/kitesurf-spots: Client error '404 Not Found' for url 'https://www.kitesurfingholidays.com/kitesurf-spots'
For more information check: https://developer.mozilla.org/en-US/docs/Web/HTTP/Status/404
2025-03-22 06:54:32,380 - httpx - INFO - HTTP Request: GET https://globalkitespots.com/global-kitesurf-spots-and-regions/ "HTTP/1.1 200 OK"
2025-03-22 06:54:32,481 - kitespot_crawler - ERROR - Error processing https://globalkitespots.com/global-kitesurf-spots-and-regions/: 
**********************************************************************
  Resource [93mpunkt_tab[0m not found.
  Please use the NLTK Downloader to obtain the resource:

  [31m>>> import nltk
  >>> nltk.download('punkt_tab')
  [0m
  For more information see: https://www.nltk.org/data.html

  Attempted to load [93mtokenizers/punkt_tab/english/[0m

  Searched in:
    - '/home/jochen/nltk_data'
    - '/home/jochen/kiteaways-frontend/venv/nltk_data'
    - '/home/jochen/kiteaways-frontend/venv/share/nltk_data'
    - '/home/jochen/kiteaways-frontend/venv/lib/nltk_data'
    - '/usr/share/nltk_data'
    - '/usr/local/share/nltk_data'
    - '/usr/lib/nltk_data'
    - '/usr/local/lib/nltk_data'
**********************************************************************

2025-03-22 06:54:32,762 - httpx - INFO - HTTP Request: GET https://kitesurfculture.com/kitesurf-spots/ "HTTP/1.1 404 Not Found"
2025-03-22 06:54:32,763 - kitespot_crawler - WARNING - HTTP error for https://kitesurfculture.com/kitesurf-spots/: Client error '404 Not Found' for url 'https://kitesurfculture.com/kitesurf-spots/'
For more information check: https://developer.mozilla.org/en-US/docs/Web/HTTP/Status/404
2025-03-22 06:54:34,790 - httpx - INFO - HTTP Request: GET https://www.thekitespot.com/ "HTTP/1.1 301 Moved Permanently"
2025-03-22 06:54:35,093 - httpx - INFO - HTTP Request: GET https://thekitespot.com/ "HTTP/1.1 200 OK"
2025-03-22 06:54:35,426 - kitespot_crawler - ERROR - Error processing https://www.thekitespot.com/: 
**********************************************************************
  Resource [93mpunkt_tab[0m not found.
  Please use the NLTK Downloader to obtain the resource:

  [31m>>> import nltk
  >>> nltk.download('punkt_tab')
  [0m
  For more information see: https://www.nltk.org/data.html

  Attempted to load [93mtokenizers/punkt_tab/english/[0m

  Searched in:
    - '/home/jochen/nltk_data'
    - '/home/jochen/kiteaways-frontend/venv/nltk_data'
    - '/home/jochen/kiteaways-frontend/venv/share/nltk_data'
    - '/home/jochen/kiteaways-frontend/venv/lib/nltk_data'
    - '/usr/share/nltk_data'
    - '/usr/local/share/nltk_data'
    - '/usr/lib/nltk_data'
    - '/usr/local/lib/nltk_data'
**********************************************************************

2025-03-22 06:54:35,426 - kitespot_crawler - INFO - Crawled 5 URLs, found 0 kite spots, 0 URLs in queue
2025-03-22 06:54:36,428 - kitespot_crawler - INFO - Crawl complete. Found 0 kitesurfing spots.
2025-03-22 06:54:36,429 - kitespot_crawler - INFO - Saved 0 kitespots to kitespots.json
2025-03-22 06:54:36,434 - kitespot_crawler - INFO - Saved 0 kitespots to kitespots.csv
2025-03-22 06:56:31,292 - kitespot_crawler - INFO - Starting crawl with 5 seed URLs
2025-03-22 06:56:31,311 - kitespot_crawler - WARNING - Request error for https://www.kiteboardingnomad.com/kitesurf-spots: [Errno -2] Name or service not known
2025-03-22 06:56:31,396 - httpx - INFO - HTTP Request: GET https://www.kitesurfingholidays.com/kitesurf-spots "HTTP/1.1 404 Not Found"
2025-03-22 06:56:31,397 - kitespot_crawler - WARNING - HTTP error for https://www.kitesurfingholidays.com/kitesurf-spots: Client error '404 Not Found' for url 'https://www.kitesurfingholidays.com/kitesurf-spots'
For more information check: https://developer.mozilla.org/en-US/docs/Web/HTTP/Status/404
2025-03-22 06:56:31,425 - httpx - INFO - HTTP Request: GET https://globalkitespots.com/global-kitesurf-spots-and-regions/ "HTTP/1.1 200 OK"
2025-03-22 06:56:31,518 - kitespot_crawler - ERROR - Error processing https://globalkitespots.com/global-kitesurf-spots-and-regions/: 
**********************************************************************
  Resource [93mpunkt_tab[0m not found.
  Please use the NLTK Downloader to obtain the resource:

  [31m>>> import nltk
  >>> nltk.download('punkt_tab')
  [0m
  For more information see: https://www.nltk.org/data.html

  Attempted to load [93mtokenizers/punkt_tab/english/[0m

  Searched in:
    - '/home/jochen/nltk_data'
    - '/home/jochen/kiteaways-frontend/venv/nltk_data'
    - '/home/jochen/kiteaways-frontend/venv/share/nltk_data'
    - '/home/jochen/kiteaways-frontend/venv/lib/nltk_data'
    - '/usr/share/nltk_data'
    - '/usr/local/share/nltk_data'
    - '/usr/lib/nltk_data'
    - '/usr/local/lib/nltk_data'
**********************************************************************

2025-03-22 06:56:31,842 - httpx - INFO - HTTP Request: GET https://kitesurfculture.com/kitesurf-spots/ "HTTP/1.1 404 Not Found"
2025-03-22 06:56:31,843 - kitespot_crawler - WARNING - HTTP error for https://kitesurfculture.com/kitesurf-spots/: Client error '404 Not Found' for url 'https://kitesurfculture.com/kitesurf-spots/'
For more information check: https://developer.mozilla.org/en-US/docs/Web/HTTP/Status/404
2025-03-22 06:56:33,890 - httpx - INFO - HTTP Request: GET https://www.thekitespot.com/ "HTTP/1.1 301 Moved Permanently"
2025-03-22 06:56:34,300 - httpx - INFO - HTTP Request: GET https://thekitespot.com/ "HTTP/1.1 200 OK"
2025-03-22 06:56:34,585 - kitespot_crawler - ERROR - Error processing https://www.thekitespot.com/: 
**********************************************************************
  Resource [93mpunkt_tab[0m not found.
  Please use the NLTK Downloader to obtain the resource:

  [31m>>> import nltk
  >>> nltk.download('punkt_tab')
  [0m
  For more information see: https://www.nltk.org/data.html

  Attempted to load [93mtokenizers/punkt_tab/english/[0m

  Searched in:
    - '/home/jochen/nltk_data'
    - '/home/jochen/kiteaways-frontend/venv/nltk_data'
    - '/home/jochen/kiteaways-frontend/venv/share/nltk_data'
    - '/home/jochen/kiteaways-frontend/venv/lib/nltk_data'
    - '/usr/share/nltk_data'
    - '/usr/local/share/nltk_data'
    - '/usr/lib/nltk_data'
    - '/usr/local/lib/nltk_data'
**********************************************************************

2025-03-22 06:56:34,585 - kitespot_crawler - INFO - Crawled 5 URLs, found 0 kite spots, 0 URLs in queue
2025-03-22 06:56:35,586 - kitespot_crawler - INFO - Crawl complete. Found 0 kitesurfing spots.
2025-03-22 06:56:35,588 - kitespot_crawler - INFO - Saved 0 kitespots to kitespots.json
2025-03-22 06:56:35,596 - kitespot_crawler - INFO - Saved 0 kitespots to kitespots.csv
2025-03-22 07:05:51,370 - kitespot_crawler - INFO - Starting crawl with 5 seed URLs
2025-03-22 07:05:51,492 - kitespot_crawler - WARNING - Request error for https://www.kiteboardingnomad.com/kitesurf-spots: [Errno -2] Name or service not known
2025-03-22 07:05:51,622 - httpx - INFO - HTTP Request: GET https://www.kitesurfingholidays.com/kitesurf-spots "HTTP/1.1 404 Not Found"
2025-03-22 07:05:51,624 - kitespot_crawler - WARNING - HTTP error for https://www.kitesurfingholidays.com/kitesurf-spots: Client error '404 Not Found' for url 'https://www.kitesurfingholidays.com/kitesurf-spots'
For more information check: https://developer.mozilla.org/en-US/docs/Web/HTTP/Status/404
2025-03-22 07:05:51,698 - httpx - INFO - HTTP Request: GET https://globalkitespots.com/global-kitesurf-spots-and-regions/ "HTTP/1.1 200 OK"
2025-03-22 07:05:51,817 - kitespot_crawler - ERROR - Error processing https://globalkitespots.com/global-kitesurf-spots-and-regions/: 
**********************************************************************
  Resource [93mpunkt_tab[0m not found.
  Please use the NLTK Downloader to obtain the resource:

  [31m>>> import nltk
  >>> nltk.download('punkt_tab')
  [0m
  For more information see: https://www.nltk.org/data.html

  Attempted to load [93mtokenizers/punkt_tab/english/[0m

  Searched in:
    - '/home/jochen/nltk_data'
    - '/home/jochen/kiteaways-frontend/venv/nltk_data'
    - '/home/jochen/kiteaways-frontend/venv/share/nltk_data'
    - '/home/jochen/kiteaways-frontend/venv/lib/nltk_data'
    - '/usr/share/nltk_data'
    - '/usr/local/share/nltk_data'
    - '/usr/lib/nltk_data'
    - '/usr/local/lib/nltk_data'
**********************************************************************

2025-03-22 07:05:52,111 - httpx - INFO - HTTP Request: GET https://kitesurfculture.com/kitesurf-spots/ "HTTP/1.1 404 Not Found"
2025-03-22 07:05:52,113 - kitespot_crawler - WARNING - HTTP error for https://kitesurfculture.com/kitesurf-spots/: Client error '404 Not Found' for url 'https://kitesurfculture.com/kitesurf-spots/'
For more information check: https://developer.mozilla.org/en-US/docs/Web/HTTP/Status/404
2025-03-22 07:05:54,062 - httpx - INFO - HTTP Request: GET https://www.thekitespot.com/ "HTTP/1.1 301 Moved Permanently"
2025-03-22 07:05:54,559 - httpx - INFO - HTTP Request: GET https://thekitespot.com/ "HTTP/1.1 200 OK"
2025-03-22 07:05:54,825 - kitespot_crawler - ERROR - Error processing https://www.thekitespot.com/: 
**********************************************************************
  Resource [93mpunkt_tab[0m not found.
  Please use the NLTK Downloader to obtain the resource:

  [31m>>> import nltk
  >>> nltk.download('punkt_tab')
  [0m
  For more information see: https://www.nltk.org/data.html

  Attempted to load [93mtokenizers/punkt_tab/english/[0m

  Searched in:
    - '/home/jochen/nltk_data'
    - '/home/jochen/kiteaways-frontend/venv/nltk_data'
    - '/home/jochen/kiteaways-frontend/venv/share/nltk_data'
    - '/home/jochen/kiteaways-frontend/venv/lib/nltk_data'
    - '/usr/share/nltk_data'
    - '/usr/local/share/nltk_data'
    - '/usr/lib/nltk_data'
    - '/usr/local/lib/nltk_data'
**********************************************************************

2025-03-22 07:05:54,825 - kitespot_crawler - INFO - Crawled 5 URLs, found 0 kite spots, 0 URLs in queue
2025-03-22 07:05:55,826 - kitespot_crawler - INFO - Crawl complete. Found 0 kitesurfing spots.
2025-03-22 07:05:55,828 - kitespot_crawler - INFO - Saved 0 kitespots to kitespots.json
2025-03-22 07:05:55,837 - kitespot_crawler - INFO - Saved 0 kitespots to kitespots.csv
